2018-02-01 12:20:20 - PHP Notice:  Undefined index: sku in C:\wamp64\www\shop\admin\model\catalog\product.php on line 4
2018-02-01 12:20:20 - PHP Notice:  Undefined index: upc in C:\wamp64\www\shop\admin\model\catalog\product.php on line 4
2018-02-01 12:20:20 - PHP Notice:  Undefined index: ean in C:\wamp64\www\shop\admin\model\catalog\product.php on line 4
2018-02-01 12:20:20 - PHP Notice:  Undefined index: jan in C:\wamp64\www\shop\admin\model\catalog\product.php on line 4
2018-02-01 12:20:20 - PHP Notice:  Undefined index: isbn in C:\wamp64\www\shop\admin\model\catalog\product.php on line 4
2018-02-01 12:20:20 - PHP Notice:  Undefined index: mpn in C:\wamp64\www\shop\admin\model\catalog\product.php on line 4
2018-02-01 13:57:47 - PHP Notice:  Undefined index: sku in C:\wamp64\www\shop\admin\model\catalog\product.php on line 122
2018-02-01 13:57:47 - PHP Notice:  Undefined index: upc in C:\wamp64\www\shop\admin\model\catalog\product.php on line 122
2018-02-01 13:57:47 - PHP Notice:  Undefined index: ean in C:\wamp64\www\shop\admin\model\catalog\product.php on line 122
2018-02-01 13:57:47 - PHP Notice:  Undefined index: jan in C:\wamp64\www\shop\admin\model\catalog\product.php on line 122
2018-02-01 13:57:47 - PHP Notice:  Undefined index: isbn in C:\wamp64\www\shop\admin\model\catalog\product.php on line 122
2018-02-01 13:57:47 - PHP Notice:  Undefined index: mpn in C:\wamp64\www\shop\admin\model\catalog\product.php on line 122
2018-02-01 17:38:20 - PHP Notice:  Undefined index: sku in C:\wamp64\www\shop\admin\model\catalog\product.php on line 122
2018-02-01 17:38:20 - PHP Notice:  Undefined index: upc in C:\wamp64\www\shop\admin\model\catalog\product.php on line 122
2018-02-01 17:38:20 - PHP Notice:  Undefined index: ean in C:\wamp64\www\shop\admin\model\catalog\product.php on line 122
2018-02-01 17:38:20 - PHP Notice:  Undefined index: jan in C:\wamp64\www\shop\admin\model\catalog\product.php on line 122
2018-02-01 17:38:20 - PHP Notice:  Undefined index: isbn in C:\wamp64\www\shop\admin\model\catalog\product.php on line 122
2018-02-01 17:38:20 - PHP Notice:  Undefined index: mpn in C:\wamp64\www\shop\admin\model\catalog\product.php on line 122
2018-02-01 18:20:59 - PHP Notice:  Undefined index: sku in C:\wamp64\www\shop\admin\model\catalog\product.php on line 122
2018-02-01 18:20:59 - PHP Notice:  Undefined index: upc in C:\wamp64\www\shop\admin\model\catalog\product.php on line 122
2018-02-01 18:20:59 - PHP Notice:  Undefined index: ean in C:\wamp64\www\shop\admin\model\catalog\product.php on line 122
2018-02-01 18:20:59 - PHP Notice:  Undefined index: jan in C:\wamp64\www\shop\admin\model\catalog\product.php on line 122
2018-02-01 18:20:59 - PHP Notice:  Undefined index: isbn in C:\wamp64\www\shop\admin\model\catalog\product.php on line 122
2018-02-01 18:20:59 - PHP Notice:  Undefined index: mpn in C:\wamp64\www\shop\admin\model\catalog\product.php on line 122
2018-02-01 18:21:08 - PHP Notice:  Undefined index: sku in C:\wamp64\www\shop\admin\model\catalog\product.php on line 122
2018-02-01 18:21:08 - PHP Notice:  Undefined index: upc in C:\wamp64\www\shop\admin\model\catalog\product.php on line 122
2018-02-01 18:21:08 - PHP Notice:  Undefined index: ean in C:\wamp64\www\shop\admin\model\catalog\product.php on line 122
2018-02-01 18:21:08 - PHP Notice:  Undefined index: jan in C:\wamp64\www\shop\admin\model\catalog\product.php on line 122
2018-02-01 18:21:08 - PHP Notice:  Undefined index: isbn in C:\wamp64\www\shop\admin\model\catalog\product.php on line 122
2018-02-01 18:21:08 - PHP Notice:  Undefined index: mpn in C:\wamp64\www\shop\admin\model\catalog\product.php on line 122
2018-02-01 18:28:44 - PHP Notice:  Array to string conversion in C:\wamp64\www\shop\system\storage\vendor\twig\twig\lib\Twig\Environment.php(403) : eval()'d code on line 1110
2018-02-01 18:28:44 - PHP Notice:  Array to string conversion in C:\wamp64\www\shop\system\storage\vendor\twig\twig\lib\Twig\Environment.php(403) : eval()'d code on line 1110
